<?xml version="1.0" encoding="UTF-8"?>
<!-- Generated by org.testng.reporters.JUnitXMLReporter -->
<testsuite ignored="0" hostname="LAPTOP-F6GSMAL5" failures="0" tests="4" name="Data Driven Test" time="27.939" errors="0" timestamp="2026-09-14T11:42:43 IST">
  <testcase classname="test_cases.TC_005_Search_buses_data_driven" name="@BeforeMethod clearPage" time="6.161">
    <failure type="org.openqa.selenium.WebDriverException" message="target frame detached
  (failed to check if window was closed: disconnected: Unable to receive message from renderer)
  (Session info: MicrosoftEdge=152.0.4191.66) (error code: &amp;quot;target frame detached&amp;quot;)
Build info: version: &amp;apos;4.47.0&amp;apos;, revision: &amp;apos;9175ed9 9175ed94d83e87cc3abeb7c9fd91367d17849d35&amp;apos;
System info: os.name: &amp;apos;Windows 11&amp;apos;, os.arch: &amp;apos;amd64&amp;apos;, os.version: &amp;apos;10.0&amp;apos;, java.version: &amp;apos;21.0.11&amp;apos;
Driver info: org.openqa.selenium.edge.EdgeDriver
Command: [518945aee2fa88e3f49d15777daeba12, refresh {}]
Capabilities {acceptInsecureCerts: false, browserName: MicrosoftEdge, browserVersion: 152.0.4191.66, fedcm:accounts: true, goog:processID: 21268, ms:edgeOptions: {debuggerAddress: localhost:60037}, msedge: {msedgedriverVersion: 152.0.4191.77 (965cd5c35bb9..., userDataDir: C:\Users\Minal\AppData\Loca...}, networkConnectionEnabled: false, pageLoadStrategy: normal, platformName: windows, proxy: Proxy(), se:cdp: ws://localhost:60037/devtoo..., se:cdpVersion: 152.0.4191.66, setWindowRect: true, strictFileInteractability: false, timeouts: {implicit: 0, pageLoad: 300000, script: 30000}, unhandledPromptBehavior: dismiss and notify, webauthn:extension:credBlob: true, webauthn:extension:largeBlob: true, webauthn:extension:minPinLength: true, webauthn:extension:prf: true, webauthn:virtualAuthenticators: true}
Session ID: 518945aee2fa88e3f49d15777daeba12">
      <![CDATA[org.openqa.selenium.WebDriverException: target frame detached
  (failed to check if window was closed: disconnected: Unable to receive message from renderer)
  (Session info: MicrosoftEdge=152.0.4191.66) (error code: "target frame detached")
Build info: version: '4.47.0', revision: '9175ed9 9175ed94d83e87cc3abeb7c9fd91367d17849d35'
System info: os.name: 'Windows 11', os.arch: 'amd64', os.version: '10.0', java.version: '21.0.11'
Driver info: org.openqa.selenium.edge.EdgeDriver
Command: [518945aee2fa88e3f49d15777daeba12, refresh {}]
Capabilities {acceptInsecureCerts: false, browserName: MicrosoftEdge, browserVersion: 152.0.4191.66, fedcm:accounts: true, goog:processID: 21268, ms:edgeOptions: {debuggerAddress: localhost:60037}, msedge: {msedgedriverVersion: 152.0.4191.77 (965cd5c35bb9..., userDataDir: C:\Users\Minal\AppData\Loca...}, networkConnectionEnabled: false, pageLoadStrategy: normal, platformName: windows, proxy: Proxy(), se:cdp: ws://localhost:60037/devtoo..., se:cdpVersion: 152.0.4191.66, setWindowRect: true, strictFileInteractability: false, timeouts: {implicit: 0, pageLoad: 300000, script: 30000}, unhandledPromptBehavior: dismiss and notify, webauthn:extension:credBlob: true, webauthn:extension:largeBlob: true, webauthn:extension:minPinLength: true, webauthn:extension:prf: true, webauthn:virtualAuthenticators: true}
Session ID: 518945aee2fa88e3f49d15777daeba12
at org.openqa.selenium.remote.ErrorCodec.decode(ErrorCodec.java:172)
at org.openqa.selenium.remote.codec.w3c.W3CHttpResponseCodec.decode(W3CHttpResponseCodec.java:143)
at org.openqa.selenium.remote.codec.w3c.W3CHttpResponseCodec.decode(W3CHttpResponseCodec.java:50)
at org.openqa.selenium.remote.HttpCommandExecutor.execute(HttpCommandExecutor.java:196)
at org.openqa.selenium.remote.service.DriverCommandExecutor.invokeExecute(DriverCommandExecutor.java:217)
at org.openqa.selenium.remote.service.DriverCommandExecutor.execute(DriverCommandExecutor.java:175)
at org.openqa.selenium.remote.RemoteWebDriver.execute(RemoteWebDriver.java:653)
at org.openqa.selenium.remote.RemoteWebDriver.execute(RemoteWebDriver.java:735)
at org.openqa.selenium.remote.RemoteWebDriver.execute(RemoteWebDriver.java:739)
at org.openqa.selenium.remote.RemoteWebDriver$RemoteNavigation.refresh(RemoteWebDriver.java:1279)
at test_cases.TC_005_Search_buses_data_driven.clearPage(TC_005_Search_buses_data_driven.java:24)
at java.base/java.util.ArrayList.forEach(ArrayList.java:1596)
... Removed 29 stack frames]]>
    </failure>
  </testcase> <!-- @BeforeMethod clearPage -->
  <testcase classname="test_cases.TC_005_Search_buses_data_driven" name="@AfterMethod backpage" time="0.0">
    <skipped/>
  </testcase> <!-- @AfterMethod backpage -->
  <testcase classname="test_cases.TC_005_Search_buses_data_driven" name="@BeforeMethod clearPage" time="0.0">
    <skipped/>
  </testcase> <!-- @BeforeMethod clearPage -->
  <testcase classname="test_cases.TC_005_Search_buses_data_driven" name="@AfterMethod backpage" time="0.0">
    <skipped/>
  </testcase> <!-- @AfterMethod backpage -->
  <testcase classname="test_cases.TC_005_Search_buses_data_driven" name="@BeforeMethod clearPage" time="0.0">
    <skipped/>
  </testcase> <!-- @BeforeMethod clearPage -->
  <testcase classname="test_cases.TC_005_Search_buses_data_driven" name="@AfterMethod backpage" time="0.0">
    <skipped/>
  </testcase> <!-- @AfterMethod backpage -->
  <testcase classname="test_cases.TC_005_Search_buses_data_driven" name="@BeforeMethod clearPage" time="0.0">
    <skipped/>
  </testcase> <!-- @BeforeMethod clearPage -->
  <testcase classname="test_cases.TC_005_Search_buses_data_driven" name="@AfterMethod backpage" time="0.0">
    <skipped/>
  </testcase> <!-- @AfterMethod backpage -->
  <testcase classname="test_cases.BaseClass" name="@AfterClass tearDown" time="0.0">
    <skipped/>
  </testcase> <!-- @AfterClass tearDown -->
  <testcase classname="test_cases.TC_005_Search_buses_data_driven" name="SearchBus" time="0.0">
    <skipped/>
  </testcase> <!-- SearchBus -->
  <testcase classname="test_cases.TC_005_Search_buses_data_driven" name="SearchBus" time="0.0">
    <skipped/>
  </testcase> <!-- SearchBus -->
  <testcase classname="test_cases.TC_005_Search_buses_data_driven" name="SearchBus" time="0.0">
    <skipped/>
  </testcase> <!-- SearchBus -->
  <testcase classname="test_cases.TC_005_Search_buses_data_driven" name="SearchBus" time="0.0">
    <skipped/>
  </testcase> <!-- SearchBus -->
</testsuite> <!-- Data Driven Test -->
