<?xml version="1.0" encoding="UTF-8"?>
<!-- Generated by org.testng.reporters.JUnitXMLReporter -->
<testsuite ignored="0" hostname="LAPTOP-F6GSMAL5" failures="1" tests="1" name="Fire fox Test" time="7.579" errors="0" timestamp="2026-09-14T11:46:25 IST">
  <testcase classname="test_cases.TC_001_Account_Login_Functionality" name="verify_Account_Login" time="1.991">
    <failure type="java.lang.AssertionError" message="null">
      <![CDATA[java.lang.AssertionError: null
at test_cases.TC_001_Account_Login_Functionality.verify_Account_Login(TC_001_Account_Login_Functionality.java:49)
at java.base/java.util.ArrayList.forEach(ArrayList.java:1596)
... Removed 27 stack frames]]>
    </failure>
  </testcase> <!-- verify_Account_Login -->
</testsuite> <!-- Fire fox Test -->
