<?xml version="1.0" encoding="UTF-8"?>
<!-- Generated by org.testng.reporters.JUnitXMLReporter -->
<testsuite ignored="0" hostname="LAPTOP-F6GSMAL5" failures="1" tests="2" name="Test" time="29.955" errors="0" timestamp="2026-09-16T17:26:15 IST">
  <testcase classname="test_cases.TC_004_Search_Bus" name="SearchBus" time="7.464"/>
  <testcase classname="test_cases.TC_004_Search_Bus" name="TestValidationMessage_BothFieldsEmpty" time="16.883">
    <failure type="java.lang.AssertionError" message="Validation message should be displayed when both fields are empty expected [true] but found [false]">
      <![CDATA[java.lang.AssertionError: Validation message should be displayed when both fields are empty expected [true] but found [false]
at test_cases.TC_004_Search_Bus.TestValidationMessage_BothFieldsEmpty(TC_004_Search_Bus.java:78)
at java.base/java.util.ArrayList.forEach(ArrayList.java:1596)
... Removed 28 stack frames]]>
    </failure>
  </testcase> <!-- TestValidationMessage_BothFieldsEmpty -->
</testsuite> <!-- Test -->
