<?xml version="1.0" encoding="UTF-8"?>
<testsuite xmlns:xsi="http://www.w3.org/2001/XMLSchema-instance" xsi:noNamespaceSchemaLocation="https://maven.apache.org/surefire/maven-surefire-plugin/xsd/surefire-test-report-3.0.xsd" version="3.0" name="TestSuite" time="10.202" tests="1" errors="0" skipped="0" failures="0">
  <properties>
[...]
</properties>
  <testcase name="verify_booking_page" classname="test_cases.TC_003_Verify_Booking_Page" time="0.475">
    <system-err><![CDATA[SLF4J: Failed to load class "org.slf4j.impl.StaticLoggerBinder".
SLF4J: Defaulting to no-operation (NOP) logger implementation
SLF4J: See http://www.slf4j.org/codes.html#StaticLoggerBinder for further details.
2026-09-22T04:21:45.559360800Z main INFO Starting configuration XmlConfiguration[location=C:\Users\Minal\eclipse-workspace\Red_Bus_Application_Testing\target\test-classes\log4j2.xml, lastModified=2026-09-21T06:16:30.890Z]...
2026-09-22T04:21:45.560354400Z main INFO Configuration XmlConfiguration[location=C:\Users\Minal\eclipse-workspace\Red_Bus_Application_Testing\target\test-classes\log4j2.xml, lastModified=2026-09-21T06:16:30.890Z] started.
2026-09-22T04:21:45.562028300Z main INFO Stopping configuration org.apache.logging.log4j.core.config.DefaultConfiguration@7d61eb55...
2026-09-22T04:21:45.562028300Z main INFO Configuration org.apache.logging.log4j.core.config.DefaultConfiguration@7d61eb55 stopped.
Sept 22, 2026 9:51:52 AM org.openqa.selenium.devtools.CdpVersionFinder findNearestMatch
WARNING: Unable to find CDP implementation matching 153
Sept 22, 2026 9:51:52 AM org.openqa.selenium.chromium.ChromiumDriver lambda$new$5
WARNING: Unable to find version of CDP to use for 153.0.8010.52. You may need to include a dependency on a specific version of the CDP using something similar to `org.seleniumhq.selenium:selenium-devtools-v86:4.16.1` where the version ("v86") matches the version of the chromium-based browser you're using and the version number of the artifact is the same as Selenium's.
]]></system-err>
  </testcase>
</testsuite>