<?xml version="1.0" encoding="UTF-8"?>
<testng-results ignored="0" total="1" passed="1" failed="0" skipped="0">
  <reporter-output>
  </reporter-output>
  <suite started-at="2026-09-21T16:01:22 IST" name="Suite" finished-at="2026-09-21T16:01:34 IST" duration-ms="11475">
    <groups>
      <group name="sanity">
        <method signature="TC_003_Verify_Booking_Page.verify_booking_page()[pri:0, instance:test_cases.TC_003_Verify_Booking_Page@2c1156a7]" name="verify_booking_page" class="test_cases.TC_003_Verify_Booking_Page"/>
      </group> <!-- sanity -->
    </groups>
    <test started-at="2026-09-21T16:01:22 IST" name="Test" finished-at="2026-09-21T16:01:34 IST" duration-ms="11475">
      <class name="test_cases.TC_003_Verify_Booking_Page">
        <test-method is-config="true" signature="setUp(java.lang.String,java.lang.String)[pri:0, instance:test_cases.TC_003_Verify_Booking_Page@2c1156a7]" started-at="2026-09-21T16:01:22 IST" name="setUp" finished-at="2026-09-21T16:01:33 IST" duration-ms="10776" status="PASS">
          <params>
            <param index="0">
              <value>
                <![CDATA[windows]]>
              </value>
            </param>
            <param index="1">
              <value>
                <![CDATA[chrome]]>
              </value>
            </param>
          </params>
          <reporter-output>
          </reporter-output>
        </test-method> <!-- setUp -->
        <test-method signature="verify_booking_page()[pri:0, instance:test_cases.TC_003_Verify_Booking_Page@2c1156a7]" started-at="2026-09-21T16:01:33 IST" name="verify_booking_page" finished-at="2026-09-21T16:01:34 IST" duration-ms="486" status="PASS">
          <reporter-output>
          </reporter-output>
        </test-method> <!-- verify_booking_page -->
        <test-method is-config="true" signature="tearDown()[pri:0, instance:test_cases.TC_003_Verify_Booking_Page@2c1156a7]" started-at="2026-09-21T16:01:34 IST" name="tearDown" finished-at="2026-09-21T16:01:34 IST" duration-ms="152" status="PASS">
          <reporter-output>
          </reporter-output>
        </test-method> <!-- tearDown -->
      </class> <!-- test_cases.TC_003_Verify_Booking_Page -->
    </test> <!-- Test -->
  </suite> <!-- Suite -->
</testng-results>
