<?xml version="1.0" encoding="UTF-8"?>
<testng-results ignored="0" total="1" passed="1" failed="0" skipped="0">
  <reporter-output>
  </reporter-output>
  <suite started-at="2026-09-21T11:46:43 IST" name="Master Suite" finished-at="2026-09-21T11:47:07 IST" duration-ms="23835">
    <groups>
      <group name="sanity">
        <method signature="TC_001_Account_Login_Functionality.verify_Account_Login()[pri:0, instance:test_cases.TC_001_Account_Login_Functionality@33fe57a9]" name="verify_Account_Login" class="test_cases.TC_001_Account_Login_Functionality"/>
      </group> <!-- sanity -->
    </groups>
    <test started-at="2026-09-21T11:46:43 IST" name="Test" finished-at="2026-09-21T11:47:07 IST" duration-ms="23835">
      <class name="test_cases.TC_001_Account_Login_Functionality">
        <test-method is-config="true" signature="setUp(java.lang.String,java.lang.String)[pri:0, instance:test_cases.TC_001_Account_Login_Functionality@33fe57a9]" started-at="2026-09-21T11:46:43 IST" name="setUp" finished-at="2026-09-21T11:47:03 IST" duration-ms="19198" status="PASS">
          <params>
            <param index="0">
              <value>
                <![CDATA[windows]]>
              </value>
            </param>
            <param index="1">
              <value>
                <![CDATA[chrome]]>
              </value>
            </param>
          </params>
          <reporter-output>
          </reporter-output>
        </test-method> <!-- setUp -->
        <test-method signature="verify_Account_Login()[pri:0, instance:test_cases.TC_001_Account_Login_Functionality@33fe57a9]" started-at="2026-09-21T11:47:03 IST" name="verify_Account_Login" finished-at="2026-09-21T11:47:06 IST" duration-ms="3672" status="PASS">
          <reporter-output>
          </reporter-output>
        </test-method> <!-- verify_Account_Login -->
        <test-method is-config="true" signature="tearDown()[pri:0, instance:test_cases.TC_001_Account_Login_Functionality@33fe57a9]" started-at="2026-09-21T11:47:06 IST" name="tearDown" finished-at="2026-09-21T11:47:07 IST" duration-ms="634" status="PASS">
          <reporter-output>
          </reporter-output>
        </test-method> <!-- tearDown -->
      </class> <!-- test_cases.TC_001_Account_Login_Functionality -->
    </test> <!-- Test -->
  </suite> <!-- Master Suite -->
</testng-results>
